<?xml version="1.0" encoding="UTF-8"?>
<robot generator="Robot 7.3.2 (Python 3.13.5 on win32)" generated="2025-12-23T20:20:12.949083" rpa="false" schemaversion="5">
<suite id="s1" name="Inventorypage Test" source="C:\Users\HP\Project3_SauceDemo\Tests\inventorypage_test.robot">
<test id="s1-t1" name="Validate Sort Operations" line="55">
<kw name="Open Webpage URL" owner="generic" type="SETUP">
<kw name="Create Webdriver" owner="SeleniumLibrary">
<msg time="2025-12-23T20:20:13.366849" level="INFO">Creating an instance of the Firefox WebDriver.</msg>
<arg>${browser}</arg>
<arg>C:\webdriver_manager</arg>
<doc>Creates an instance of Selenium WebDriver.</doc>
<status status="PASS" start="2025-12-23T20:20:13.366397" elapsed="8.872521"/>
</kw>
<kw name="Maximize Browser Window" owner="SeleniumLibrary">
<doc>Maximizes current browser window.</doc>
<status status="PASS" start="2025-12-23T20:20:22.239560" elapsed="0.286014"/>
</kw>
<kw name="Go To" owner="SeleniumLibrary">
<msg time="2025-12-23T20:20:22.526926" level="INFO">Opening url 'https://www.saucedemo.com/'</msg>
<arg>${url}</arg>
<doc>Navigates the current browser window to the provided ``url``.</doc>
<status status="PASS" start="2025-12-23T20:20:22.526207" elapsed="3.815634"/>
</kw>
<arg>${browser_name}</arg>
<arg>${webpage_url}</arg>
<status status="PASS" start="2025-12-23T20:20:13.365098" elapsed="12.977353"/>
</kw>
<kw name="Login Into The Webpage" owner="loginpage">
<kw name="Enter User Credentials And Login" owner="loginpage">
<kw name="Page Should Contain" owner="SeleniumLibrary">
<msg time="2025-12-23T20:20:26.404042" level="INFO">Current page contains text 'Swag Labs'.</msg>
<arg>${logo_text}</arg>
<doc>Verifies that current page contains ``text``.</doc>
<status status="PASS" start="2025-12-23T20:20:26.346179" elapsed="0.058552"/>
</kw>
<kw name="Input Text" owner="SeleniumLibrary">
<msg time="2025-12-23T20:20:26.407273" level="INFO">Typing text 'standard_user' into text field 'css:#user-name'.</msg>
<arg>${email_input}</arg>
<arg>${username}</arg>
<doc>Types the given ``text`` into the text field identified by ``locator``.</doc>
<status status="PASS" start="2025-12-23T20:20:26.405460" elapsed="0.112678"/>
</kw>
<kw name="Input Password" owner="SeleniumLibrary">
<msg time="2025-12-23T20:20:26.519265" level="INFO">Typing password into text field 'css:#password'.</msg>
<msg time="2025-12-23T20:20:26.528435" level="INFO">Temporally setting log level to: NONE</msg>
<arg>${password_input}</arg>
<arg>${password}</arg>
<doc>Types the given password into the text field identified by ``locator``.</doc>
<status status="PASS" start="2025-12-23T20:20:26.518528" elapsed="0.040718"/>
</kw>
<kw name="Click Button" owner="SeleniumLibrary">
<msg time="2025-12-23T20:20:26.560295" level="INFO">Clicking button 'id:login-button'.</msg>
<arg>${login_button}</arg>
<doc>Clicks the button identified by ``locator``.</doc>
<status status="PASS" start="2025-12-23T20:20:26.559678" elapsed="0.134499"/>
</kw>
<arg>${valid_username}</arg>
<arg>${valid_password}</arg>
<status status="PASS" start="2025-12-23T20:20:26.344354" elapsed="0.350443"/>
</kw>
<kw name="Verify HomePage Login" owner="loginpage">
<kw name="Location Should Be" owner="SeleniumLibrary">
<msg time="2025-12-23T20:20:26.703042" level="INFO">Current location is 'https://www.saucedemo.com/inventory.html'.</msg>
<arg>${inventory_page_url}</arg>
<doc>Verifies that the current URL is exactly ``url``.</doc>
<status status="PASS" start="2025-12-23T20:20:26.696945" elapsed="0.006484"/>
</kw>
<status status="PASS" start="2025-12-23T20:20:26.695497" elapsed="0.008380"/>
</kw>
<status status="PASS" start="2025-12-23T20:20:26.343164" elapsed="0.361025"/>
</kw>
<kw name="Select Sort Option" owner="inventorypage">
<kw name="Select From List By Index" owner="SeleniumLibrary">
<msg time="2025-12-23T20:20:26.710030" level="INFO">Selecting options from selection list 'css:select.product_sort_container' by index 0.</msg>
<arg>${products_sort_locator}</arg>
<arg>${index}</arg>
<doc>Selects options from selection list ``locator`` by ``indexes``.</doc>
<status status="PASS" start="2025-12-23T20:20:26.707857" elapsed="0.049236"/>
</kw>
<arg>0</arg>
<status status="PASS" start="2025-12-23T20:20:26.705863" elapsed="0.051542"/>
</kw>
<kw name="Check The Products Order A-Z" owner="inventorypage">
<kw name="Create List" owner="BuiltIn">
<msg time="2025-12-23T20:20:26.760480" level="INFO">@{item_names} = [ Sauce Labs Backpack | Sauce Labs Bike Light | Sauce Labs Bolt T-Shirt | Sauce Labs Fleece Jacket | Sauce Labs Onesie | Test.allTheThings() T-Shirt (Red) ]</msg>
<var>@{item_names}</var>
<arg>@{inventory_items.keys()}</arg>
<doc>Returns a list containing given items.</doc>
<status status="PASS" start="2025-12-23T20:20:26.758492" elapsed="0.002222"/>
</kw>
<kw name="Log" owner="BuiltIn">
<msg time="2025-12-23T20:20:26.761594" level="INFO">['Sauce Labs Backpack', 'Sauce Labs Bike Light', 'Sauce Labs Bolt T-Shirt', 'Sauce Labs Fleece Jacket', 'Sauce Labs Onesie', 'Test.allTheThings() T-Shirt (Red)']</msg>
<arg>${item_names}</arg>
<doc>Logs the given message with the given level.</doc>
<status status="PASS" start="2025-12-23T20:20:26.761186" elapsed="0.000650"/>
</kw>
<kw name="Evaluate" owner="BuiltIn">
<msg time="2025-12-23T20:20:26.763075" level="INFO">${expected_list} = ['Sauce Labs Backpack', 'Sauce Labs Bike Light', 'Sauce Labs Bolt T-Shirt', 'Sauce Labs Fleece Jacket', 'Sauce Labs Onesie', 'Test.allTheThings() T-Shirt (Red)']</msg>
<var>${expected_list}</var>
<arg>sorted(${item_names}, reverse=False)</arg>
<doc>Evaluates the given expression in Python and returns the result.</doc>
<status status="PASS" start="2025-12-23T20:20:26.762157" elapsed="0.001081"/>
</kw>
<kw name="Log" owner="BuiltIn">
<msg time="2025-12-23T20:20:26.764456" level="INFO">['Sauce Labs Backpack', 'Sauce Labs Bike Light', 'Sauce Labs Bolt T-Shirt', 'Sauce Labs Fleece Jacket', 'Sauce Labs Onesie', 'Test.allTheThings() T-Shirt (Red)']</msg>
<arg>${expected_list}</arg>
<doc>Logs the given message with the given level.</doc>
<status status="PASS" start="2025-12-23T20:20:26.763805" elapsed="0.000952"/>
</kw>
<kw name="Get WebElements" owner="SeleniumLibrary">
<msg time="2025-12-23T20:20:26.771209" level="INFO">@{current_items} = [ &lt;selenium.webdriver.remote.webelement.WebElement (session="cc4c7ab6-198f-4b88-98cf-134a85be8d14", element="f7d99b9b-63a6-4473-99cd-429bd4b9b8b9")&gt; | &lt;selenium.webdriver.remote.webelement.WebElement ...</msg>
<var>@{current_items}</var>
<arg>${itemList_locator}</arg>
<doc>Returns a list of WebElement objects matching the ``locator``.</doc>
<status status="PASS" start="2025-12-23T20:20:26.765603" elapsed="0.005847"/>
</kw>
<kw name="Create List" owner="BuiltIn">
<msg time="2025-12-23T20:20:26.772410" level="INFO">@{current_list} = [ ]</msg>
<var>@{current_list}</var>
<doc>Returns a list containing given items.</doc>
<status status="PASS" start="2025-12-23T20:20:26.771833" elapsed="0.000780"/>
</kw>
<for flavor="IN">
<iter>
<kw name="Get Text" owner="SeleniumLibrary">
<msg time="2025-12-23T20:20:26.789212" level="INFO">${text} = Sauce Labs Backpack</msg>
<var>${text}</var>
<arg>${element}</arg>
<doc>Returns the text value of the element identified by ``locator``.</doc>
<status status="PASS" start="2025-12-23T20:20:26.774148" elapsed="0.015344"/>
</kw>
<kw name="Log" owner="BuiltIn">
<msg time="2025-12-23T20:20:26.790767" level="INFO">Sauce Labs Backpack</msg>
<arg>${text}</arg>
<doc>Logs the given message with the given level.</doc>
<status status="PASS" start="2025-12-23T20:20:26.790165" elapsed="0.000933"/>
</kw>
<kw name="Append To List" owner="Collections">
<arg>${current_list}</arg>
<arg>${text}</arg>
<doc>Adds ``values`` to the end of ``list``.</doc>
<status status="PASS" start="2025-12-23T20:20:26.791520" elapsed="0.000699"/>
</kw>
<var name="${element}">&lt;selenium.webdriver.remote.webelement.WebElement (session="cc4c7ab6-198f-4b88-98cf-134a85be8d14", element="f7d99b9b-63a6-4473-99cd-429bd4b9b8b9")&gt;</var>
<status status="PASS" start="2025-12-23T20:20:26.773620" elapsed="0.018851"/>
</iter>
<iter>
<kw name="Get Text" owner="SeleniumLibrary">
<msg time="2025-12-23T20:20:26.809449" level="INFO">${text} = Sauce Labs Bike Light</msg>
<var>${text}</var>
<arg>${element}</arg>
<doc>Returns the text value of the element identified by ``locator``.</doc>
<status status="PASS" start="2025-12-23T20:20:26.794032" elapsed="0.015684"/>
</kw>
<kw name="Log" owner="BuiltIn">
<msg time="2025-12-23T20:20:26.810618" level="INFO">Sauce Labs Bike Light</msg>
<arg>${text}</arg>
<doc>Logs the given message with the given level.</doc>
<status status="PASS" start="2025-12-23T20:20:26.810123" elapsed="0.000818"/>
</kw>
<kw name="Append To List" owner="Collections">
<arg>${current_list}</arg>
<arg>${text}</arg>
<doc>Adds ``values`` to the end of ``list``.</doc>
<status status="PASS" start="2025-12-23T20:20:26.811324" elapsed="0.000583"/>
</kw>
<var name="${element}">&lt;selenium.webdriver.remote.webelement.WebElement (session="cc4c7ab6-198f-4b88-98cf-134a85be8d14", element="3c0c1a90-47d7-415a-86a3-46295c7a5ea8")&gt;</var>
<status status="PASS" start="2025-12-23T20:20:26.793317" elapsed="0.018810"/>
</iter>
<iter>
<kw name="Get Text" owner="SeleniumLibrary">
<msg time="2025-12-23T20:20:26.825820" level="INFO">${text} = Sauce Labs Bolt T-Shirt</msg>
<var>${text}</var>
<arg>${element}</arg>
<doc>Returns the text value of the element identified by ``locator``.</doc>
<status status="PASS" start="2025-12-23T20:20:26.813037" elapsed="0.012954"/>
</kw>
<kw name="Log" owner="BuiltIn">
<msg time="2025-12-23T20:20:26.826527" level="INFO">Sauce Labs Bolt T-Shirt</msg>
<arg>${text}</arg>
<doc>Logs the given message with the given level.</doc>
<status status="PASS" start="2025-12-23T20:20:26.826240" elapsed="0.000493"/>
</kw>
<kw name="Append To List" owner="Collections">
<arg>${current_list}</arg>
<arg>${text}</arg>
<doc>Adds ``values`` to the end of ``list``.</doc>
<status status="PASS" start="2025-12-23T20:20:26.826985" elapsed="0.000479"/>
</kw>
<var name="${element}">&lt;selenium.webdriver.remote.webelement.WebElement (session="cc4c7ab6-198f-4b88-98cf-134a85be8d14", element="17c4a7d7-5b73-4de8-93f0-4ba77d00e26d")&gt;</var>
<status status="PASS" start="2025-12-23T20:20:26.812603" elapsed="0.015039"/>
</iter>
<iter>
<kw name="Get Text" owner="SeleniumLibrary">
<msg time="2025-12-23T20:20:26.842543" level="INFO">${text} = Sauce Labs Fleece Jacket</msg>
<var>${text}</var>
<arg>${element}</arg>
<doc>Returns the text value of the element identified by ``locator``.</doc>
<status status="PASS" start="2025-12-23T20:20:26.828305" elapsed="0.014485"/>
</kw>
<kw name="Log" owner="BuiltIn">
<msg time="2025-12-23T20:20:26.843633" level="INFO">Sauce Labs Fleece Jacket</msg>
<arg>${text}</arg>
<doc>Logs the given message with the given level.</doc>
<status status="PASS" start="2025-12-23T20:20:26.843212" elapsed="0.000649"/>
</kw>
<kw name="Append To List" owner="Collections">
<arg>${current_list}</arg>
<arg>${text}</arg>
<doc>Adds ``values`` to the end of ``list``.</doc>
<status status="PASS" start="2025-12-23T20:20:26.844477" elapsed="0.001012"/>
</kw>
<var name="${element}">&lt;selenium.webdriver.remote.webelement.WebElement (session="cc4c7ab6-198f-4b88-98cf-134a85be8d14", element="43738cde-94f5-4ac4-ad0d-5d05beaffefb")&gt;</var>
<status status="PASS" start="2025-12-23T20:20:26.827974" elapsed="0.017965"/>
</iter>
<iter>
<kw name="Get Text" owner="SeleniumLibrary">
<msg time="2025-12-23T20:20:26.865526" level="INFO">${text} = Sauce Labs Onesie</msg>
<var>${text}</var>
<arg>${element}</arg>
<doc>Returns the text value of the element identified by ``locator``.</doc>
<status status="PASS" start="2025-12-23T20:20:26.847318" elapsed="0.018498"/>
</kw>
<kw name="Log" owner="BuiltIn">
<msg time="2025-12-23T20:20:26.866975" level="INFO">Sauce Labs Onesie</msg>
<arg>${text}</arg>
<doc>Logs the given message with the given level.</doc>
<status status="PASS" start="2025-12-23T20:20:26.866342" elapsed="0.001956"/>
</kw>
<kw name="Append To List" owner="Collections">
<arg>${current_list}</arg>
<arg>${text}</arg>
<doc>Adds ``values`` to the end of ``list``.</doc>
<status status="PASS" start="2025-12-23T20:20:26.869172" elapsed="0.000678"/>
</kw>
<var name="${element}">&lt;selenium.webdriver.remote.webelement.WebElement (session="cc4c7ab6-198f-4b88-98cf-134a85be8d14", element="91849ee9-74aa-4c86-b0c2-c8547422cb3f")&gt;</var>
<status status="PASS" start="2025-12-23T20:20:26.846541" elapsed="0.023584"/>
</iter>
<iter>
<kw name="Get Text" owner="SeleniumLibrary">
<msg time="2025-12-23T20:20:26.884906" level="INFO">${text} = Test.allTheThings() T-Shirt (Red)</msg>
<var>${text}</var>
<arg>${element}</arg>
<doc>Returns the text value of the element identified by ``locator``.</doc>
<status status="PASS" start="2025-12-23T20:20:26.871084" elapsed="0.014082"/>
</kw>
<kw name="Log" owner="BuiltIn">
<msg time="2025-12-23T20:20:26.886108" level="INFO">Test.allTheThings() T-Shirt (Red)</msg>
<arg>${text}</arg>
<doc>Logs the given message with the given level.</doc>
<status status="PASS" start="2025-12-23T20:20:26.885603" elapsed="0.000743"/>
</kw>
<kw name="Append To List" owner="Collections">
<arg>${current_list}</arg>
<arg>${text}</arg>
<doc>Adds ``values`` to the end of ``list``.</doc>
<status status="PASS" start="2025-12-23T20:20:26.886696" elapsed="0.000510"/>
</kw>
<var name="${element}">&lt;selenium.webdriver.remote.webelement.WebElement (session="cc4c7ab6-198f-4b88-98cf-134a85be8d14", element="3475671d-1227-4e9c-834c-b11f64798c6b")&gt;</var>
<status status="PASS" start="2025-12-23T20:20:26.870601" elapsed="0.016789"/>
</iter>
<var>${element}</var>
<value>@{current_items}</value>
<status status="PASS" start="2025-12-23T20:20:26.772895" elapsed="0.114730"/>
</for>
<kw name="Log" owner="BuiltIn">
<msg time="2025-12-23T20:20:26.888653" level="INFO">['Sauce Labs Backpack', 'Sauce Labs Bike Light', 'Sauce Labs Bolt T-Shirt', 'Sauce Labs Fleece Jacket', 'Sauce Labs Onesie', 'Test.allTheThings() T-Shirt (Red)']</msg>
<arg>${current_list}</arg>
<doc>Logs the given message with the given level.</doc>
<status status="PASS" start="2025-12-23T20:20:26.888210" elapsed="0.000610"/>
</kw>
<kw name="Lists Should Be Equal" owner="Collections">
<arg>${expected_list}</arg>
<arg>${current_list}</arg>
<doc>Fails if given lists are unequal.</doc>
<status status="PASS" start="2025-12-23T20:20:26.889112" elapsed="0.000649"/>
</kw>
<status status="PASS" start="2025-12-23T20:20:26.757868" elapsed="0.132105"/>
</kw>
<kw name="Select Sort Option" owner="inventorypage">
<kw name="Select From List By Index" owner="SeleniumLibrary">
<msg time="2025-12-23T20:20:26.891523" level="INFO">Selecting options from selection list 'css:select.product_sort_container' by index 1.</msg>
<arg>${products_sort_locator}</arg>
<arg>${index}</arg>
<doc>Selects options from selection list ``locator`` by ``indexes``.</doc>
<status status="PASS" start="2025-12-23T20:20:26.890921" elapsed="0.112102"/>
</kw>
<arg>1</arg>
<status status="PASS" start="2025-12-23T20:20:26.890243" elapsed="0.113422"/>
</kw>
<kw name="Check The Products Order Z-A" owner="inventorypage">
<kw name="Create List" owner="BuiltIn">
<msg time="2025-12-23T20:20:27.007893" level="INFO">@{item_names} = [ Sauce Labs Backpack | Sauce Labs Bike Light | Sauce Labs Bolt T-Shirt | Sauce Labs Fleece Jacket | Sauce Labs Onesie | Test.allTheThings() T-Shirt (Red) ]</msg>
<var>@{item_names}</var>
<arg>@{inventory_items.keys()}</arg>
<doc>Returns a list containing given items.</doc>
<status status="PASS" start="2025-12-23T20:20:27.005670" elapsed="0.002588"/>
</kw>
<kw name="Log" owner="BuiltIn">
<msg time="2025-12-23T20:20:27.010737" level="INFO">['Sauce Labs Backpack', 'Sauce Labs Bike Light', 'Sauce Labs Bolt T-Shirt', 'Sauce Labs Fleece Jacket', 'Sauce Labs Onesie', 'Test.allTheThings() T-Shirt (Red)']</msg>
<arg>${item_names}</arg>
<doc>Logs the given message with the given level.</doc>
<status status="PASS" start="2025-12-23T20:20:27.009042" elapsed="0.002238"/>
</kw>
<kw name="Evaluate" owner="BuiltIn">
<msg time="2025-12-23T20:20:27.013524" level="INFO">${expected_list} = ['Test.allTheThings() T-Shirt (Red)', 'Sauce Labs Onesie', 'Sauce Labs Fleece Jacket', 'Sauce Labs Bolt T-Shirt', 'Sauce Labs Bike Light', 'Sauce Labs Backpack']</msg>
<var>${expected_list}</var>
<arg>sorted(${item_names}, reverse=True)</arg>
<doc>Evaluates the given expression in Python and returns the result.</doc>
<status status="PASS" start="2025-12-23T20:20:27.011976" elapsed="0.002139"/>
</kw>
<kw name="Log" owner="BuiltIn">
<msg time="2025-12-23T20:20:27.015585" level="INFO">['Test.allTheThings() T-Shirt (Red)', 'Sauce Labs Onesie', 'Sauce Labs Fleece Jacket', 'Sauce Labs Bolt T-Shirt', 'Sauce Labs Bike Light', 'Sauce Labs Backpack']</msg>
<arg>${expected_list}</arg>
<doc>Logs the given message with the given level.</doc>
<status status="PASS" start="2025-12-23T20:20:27.014774" elapsed="0.001208"/>
</kw>
<kw name="Get WebElements" owner="SeleniumLibrary">
<msg time="2025-12-23T20:20:27.025942" level="INFO">@{current_items} = [ &lt;selenium.webdriver.remote.webelement.WebElement (session="cc4c7ab6-198f-4b88-98cf-134a85be8d14", element="3475671d-1227-4e9c-834c-b11f64798c6b")&gt; | &lt;selenium.webdriver.remote.webelement.WebElement ...</msg>
<var>@{current_items}</var>
<arg>${itemList_locator}</arg>
<doc>Returns a list of WebElement objects matching the ``locator``.</doc>
<status status="PASS" start="2025-12-23T20:20:27.016942" elapsed="0.009411"/>
</kw>
<kw name="Create List" owner="BuiltIn">
<msg time="2025-12-23T20:20:27.027916" level="INFO">@{current_list} = [ ]</msg>
<var>@{current_list}</var>
<doc>Returns a list containing given items.</doc>
<status status="PASS" start="2025-12-23T20:20:27.027011" elapsed="0.001222"/>
</kw>
<for flavor="IN">
<iter>
<kw name="Get Text" owner="SeleniumLibrary">
<msg time="2025-12-23T20:20:27.051006" level="INFO">${text} = Test.allTheThings() T-Shirt (Red)</msg>
<var>${text}</var>
<arg>${element}</arg>
<doc>Returns the text value of the element identified by ``locator``.</doc>
<status status="PASS" start="2025-12-23T20:20:27.031338" elapsed="0.020027"/>
</kw>
<kw name="Log" owner="BuiltIn">
<msg time="2025-12-23T20:20:27.052744" level="INFO">Test.allTheThings() T-Shirt (Red)</msg>
<arg>${text}</arg>
<doc>Logs the given message with the given level.</doc>
<status status="PASS" start="2025-12-23T20:20:27.051978" elapsed="0.001128"/>
</kw>
<kw name="Append To List" owner="Collections">
<arg>${current_list}</arg>
<arg>${text}</arg>
<doc>Adds ``values`` to the end of ``list``.</doc>
<status status="PASS" start="2025-12-23T20:20:27.053656" elapsed="0.000869"/>
</kw>
<var name="${element}">&lt;selenium.webdriver.remote.webelement.WebElement (session="cc4c7ab6-198f-4b88-98cf-134a85be8d14", element="3475671d-1227-4e9c-834c-b11f64798c6b")&gt;</var>
<status status="PASS" start="2025-12-23T20:20:27.030100" elapsed="0.024856"/>
</iter>
<iter>
<kw name="Get Text" owner="SeleniumLibrary">
<msg time="2025-12-23T20:20:27.072800" level="INFO">${text} = Sauce Labs Onesie</msg>
<var>${text}</var>
<arg>${element}</arg>
<doc>Returns the text value of the element identified by ``locator``.</doc>
<status status="PASS" start="2025-12-23T20:20:27.056211" elapsed="0.016984"/>
</kw>
<kw name="Log" owner="BuiltIn">
<msg time="2025-12-23T20:20:27.074348" level="INFO">Sauce Labs Onesie</msg>
<arg>${text}</arg>
<doc>Logs the given message with the given level.</doc>
<status status="PASS" start="2025-12-23T20:20:27.073751" elapsed="0.001156"/>
</kw>
<kw name="Append To List" owner="Collections">
<arg>${current_list}</arg>
<arg>${text}</arg>
<doc>Adds ``values`` to the end of ``list``.</doc>
<status status="PASS" start="2025-12-23T20:20:27.075446" elapsed="0.000783"/>
</kw>
<var name="${element}">&lt;selenium.webdriver.remote.webelement.WebElement (session="cc4c7ab6-198f-4b88-98cf-134a85be8d14", element="91849ee9-74aa-4c86-b0c2-c8547422cb3f")&gt;</var>
<status status="PASS" start="2025-12-23T20:20:27.055606" elapsed="0.020990"/>
</iter>
<iter>
<kw name="Get Text" owner="SeleniumLibrary">
<msg time="2025-12-23T20:20:27.088652" level="INFO">${text} = Sauce Labs Fleece Jacket</msg>
<var>${text}</var>
<arg>${element}</arg>
<doc>Returns the text value of the element identified by ``locator``.</doc>
<status status="PASS" start="2025-12-23T20:20:27.077340" elapsed="0.011609"/>
</kw>
<kw name="Log" owner="BuiltIn">
<msg time="2025-12-23T20:20:27.090203" level="INFO">Sauce Labs Fleece Jacket</msg>
<arg>${text}</arg>
<doc>Logs the given message with the given level.</doc>
<status status="PASS" start="2025-12-23T20:20:27.089541" elapsed="0.000975"/>
</kw>
<kw name="Append To List" owner="Collections">
<arg>${current_list}</arg>
<arg>${text}</arg>
<doc>Adds ``values`` to the end of ``list``.</doc>
<status status="PASS" start="2025-12-23T20:20:27.090972" elapsed="0.000474"/>
</kw>
<var name="${element}">&lt;selenium.webdriver.remote.webelement.WebElement (session="cc4c7ab6-198f-4b88-98cf-134a85be8d14", element="43738cde-94f5-4ac4-ad0d-5d05beaffefb")&gt;</var>
<status status="PASS" start="2025-12-23T20:20:27.076975" elapsed="0.014839"/>
</iter>
<iter>
<kw name="Get Text" owner="SeleniumLibrary">
<msg time="2025-12-23T20:20:27.105147" level="INFO">${text} = Sauce Labs Bolt T-Shirt</msg>
<var>${text}</var>
<arg>${element}</arg>
<doc>Returns the text value of the element identified by ``locator``.</doc>
<status status="PASS" start="2025-12-23T20:20:27.092789" elapsed="0.012691"/>
</kw>
<kw name="Log" owner="BuiltIn">
<msg time="2025-12-23T20:20:27.106748" level="INFO">Sauce Labs Bolt T-Shirt</msg>
<arg>${text}</arg>
<doc>Logs the given message with the given level.</doc>
<status status="PASS" start="2025-12-23T20:20:27.106116" elapsed="0.000895"/>
</kw>
<kw name="Append To List" owner="Collections">
<arg>${current_list}</arg>
<arg>${text}</arg>
<doc>Adds ``values`` to the end of ``list``.</doc>
<status status="PASS" start="2025-12-23T20:20:27.107645" elapsed="0.000701"/>
</kw>
<var name="${element}">&lt;selenium.webdriver.remote.webelement.WebElement (session="cc4c7ab6-198f-4b88-98cf-134a85be8d14", element="17c4a7d7-5b73-4de8-93f0-4ba77d00e26d")&gt;</var>
<status status="PASS" start="2025-12-23T20:20:27.092317" elapsed="0.016297"/>
</iter>
<iter>
<kw name="Get Text" owner="SeleniumLibrary">
<msg time="2025-12-23T20:20:27.120203" level="INFO">${text} = Sauce Labs Bike Light</msg>
<var>${text}</var>
<arg>${element}</arg>
<doc>Returns the text value of the element identified by ``locator``.</doc>
<status status="PASS" start="2025-12-23T20:20:27.109362" elapsed="0.011031"/>
</kw>
<kw name="Log" owner="BuiltIn">
<msg time="2025-12-23T20:20:27.120947" level="INFO">Sauce Labs Bike Light</msg>
<arg>${text}</arg>
<doc>Logs the given message with the given level.</doc>
<status status="PASS" start="2025-12-23T20:20:27.120650" elapsed="0.000434"/>
</kw>
<kw name="Append To List" owner="Collections">
<arg>${current_list}</arg>
<arg>${text}</arg>
<doc>Adds ``values`` to the end of ``list``.</doc>
<status status="PASS" start="2025-12-23T20:20:27.121361" elapsed="0.000523"/>
</kw>
<var name="${element}">&lt;selenium.webdriver.remote.webelement.WebElement (session="cc4c7ab6-198f-4b88-98cf-134a85be8d14", element="3c0c1a90-47d7-415a-86a3-46295c7a5ea8")&gt;</var>
<status status="PASS" start="2025-12-23T20:20:27.109040" elapsed="0.013036"/>
</iter>
<iter>
<kw name="Get Text" owner="SeleniumLibrary">
<msg time="2025-12-23T20:20:27.132705" level="INFO">${text} = Sauce Labs Backpack</msg>
<var>${text}</var>
<arg>${element}</arg>
<doc>Returns the text value of the element identified by ``locator``.</doc>
<status status="PASS" start="2025-12-23T20:20:27.122853" elapsed="0.010070"/>
</kw>
<kw name="Log" owner="BuiltIn">
<msg time="2025-12-23T20:20:27.133916" level="INFO">Sauce Labs Backpack</msg>
<arg>${text}</arg>
<doc>Logs the given message with the given level.</doc>
<status status="PASS" start="2025-12-23T20:20:27.133441" elapsed="0.000641"/>
</kw>
<kw name="Append To List" owner="Collections">
<arg>${current_list}</arg>
<arg>${text}</arg>
<doc>Adds ``values`` to the end of ``list``.</doc>
<status status="PASS" start="2025-12-23T20:20:27.134344" elapsed="0.000402"/>
</kw>
<var name="${element}">&lt;selenium.webdriver.remote.webelement.WebElement (session="cc4c7ab6-198f-4b88-98cf-134a85be8d14", element="f7d99b9b-63a6-4473-99cd-429bd4b9b8b9")&gt;</var>
<status status="PASS" start="2025-12-23T20:20:27.122461" elapsed="0.012664"/>
</iter>
<var>${element}</var>
<value>@{current_items}</value>
<status status="PASS" start="2025-12-23T20:20:27.028724" elapsed="0.106709"/>
</for>
<kw name="Log" owner="BuiltIn">
<msg time="2025-12-23T20:20:27.136426" level="INFO">['Test.allTheThings() T-Shirt (Red)', 'Sauce Labs Onesie', 'Sauce Labs Fleece Jacket', 'Sauce Labs Bolt T-Shirt', 'Sauce Labs Bike Light', 'Sauce Labs Backpack']</msg>
<arg>${current_list}</arg>
<doc>Logs the given message with the given level.</doc>
<status status="PASS" start="2025-12-23T20:20:27.135936" elapsed="0.000773"/>
</kw>
<kw name="Lists Should Be Equal" owner="Collections">
<arg>${expected_list}</arg>
<arg>${current_list}</arg>
<doc>Fails if given lists are unequal.</doc>
<status status="PASS" start="2025-12-23T20:20:27.137269" elapsed="0.000606"/>
</kw>
<status status="PASS" start="2025-12-23T20:20:27.004742" elapsed="0.133537"/>
</kw>
<kw name="Select Sort Option" owner="inventorypage">
<kw name="Select From List By Index" owner="SeleniumLibrary">
<msg time="2025-12-23T20:20:27.140210" level="INFO">Selecting options from selection list 'css:select.product_sort_container' by index 2.</msg>
<arg>${products_sort_locator}</arg>
<arg>${index}</arg>
<doc>Selects options from selection list ``locator`` by ``indexes``.</doc>
<status status="PASS" start="2025-12-23T20:20:27.139574" elapsed="0.107965"/>
</kw>
<arg>2</arg>
<status status="PASS" start="2025-12-23T20:20:27.138776" elapsed="0.109238"/>
</kw>
<kw name="Check The Products Order Low To High" owner="inventorypage">
<kw name="Create List" owner="BuiltIn">
<msg time="2025-12-23T20:20:27.254311" level="INFO">@{prices} = [ 29.99 | 9.99 | 15.99 | 49.99 | 7.99 ]</msg>
<var>@{prices}</var>
<arg>@{inventory_prices.keys()}</arg>
<doc>Returns a list containing given items.</doc>
<status status="PASS" start="2025-12-23T20:20:27.251109" elapsed="0.003504"/>
</kw>
<kw name="Log" owner="BuiltIn">
<msg time="2025-12-23T20:20:27.255644" level="INFO">[29.99, 9.99, 15.99, 49.99, 7.99]</msg>
<arg>${prices}</arg>
<doc>Logs the given message with the given level.</doc>
<status status="PASS" start="2025-12-23T20:20:27.255023" elapsed="0.001000"/>
</kw>
<kw name="Evaluate" owner="BuiltIn">
<msg time="2025-12-23T20:20:27.257917" level="INFO">${sorted_list} = [7.99, 9.99, 15.99, 29.99, 49.99]</msg>
<var>${sorted_list}</var>
<arg>sorted(${prices})</arg>
<doc>Evaluates the given expression in Python and returns the result.</doc>
<status status="PASS" start="2025-12-23T20:20:27.256689" elapsed="0.001561"/>
</kw>
<kw name="Log" owner="BuiltIn">
<msg time="2025-12-23T20:20:27.259668" level="INFO">[7.99, 9.99, 15.99, 29.99, 49.99]</msg>
<arg>${sorted_list}</arg>
<doc>Logs the given message with the given level.</doc>
<status status="PASS" start="2025-12-23T20:20:27.258888" elapsed="0.001186"/>
</kw>
<kw name="Create List" owner="BuiltIn">
<msg time="2025-12-23T20:20:27.261494" level="INFO">@{product_names} = [ ]</msg>
<var>@{product_names}</var>
<doc>Returns a list containing given items.</doc>
<status status="PASS" start="2025-12-23T20:20:27.260680" elapsed="0.001118"/>
</kw>
<for flavor="IN">
<iter>
<kw name="Evaluate" owner="BuiltIn">
<msg time="2025-12-23T20:20:27.265932" level="INFO">${product} = ['Sauce Labs Onesie']</msg>
<var>${product}</var>
<arg>[value for key, value in &amp;{inventory_prices}.items() if key == ${price}][0]</arg>
<doc>Evaluates the given expression in Python and returns the result.</doc>
<status status="PASS" start="2025-12-23T20:20:27.263726" elapsed="0.002569"/>
</kw>
<for flavor="IN">
<iter>
<kw name="Append To List" owner="Collections">
<arg>${product_names}</arg>
<arg>${item}</arg>
<doc>Adds ``values`` to the end of ``list``.</doc>
<status status="PASS" start="2025-12-23T20:20:27.268450" elapsed="0.000990"/>
</kw>
<var name="${item}">Sauce Labs Onesie</var>
<status status="PASS" start="2025-12-23T20:20:27.267852" elapsed="0.001921"/>
</iter>
<var>${item}</var>
<value>@{product}</value>
<status status="PASS" start="2025-12-23T20:20:27.266980" elapsed="0.003075"/>
</for>
<var name="${price}">7.99</var>
<status status="PASS" start="2025-12-23T20:20:27.263011" elapsed="0.007385"/>
</iter>
<iter>
<kw name="Evaluate" owner="BuiltIn">
<msg time="2025-12-23T20:20:27.273502" level="INFO">${product} = ['Sauce Labs Bike Light']</msg>
<var>${product}</var>
<arg>[value for key, value in &amp;{inventory_prices}.items() if key == ${price}][0]</arg>
<doc>Evaluates the given expression in Python and returns the result.</doc>
<status status="PASS" start="2025-12-23T20:20:27.271550" elapsed="0.002303"/>
</kw>
<for flavor="IN">
<iter>
<kw name="Append To List" owner="Collections">
<arg>${product_names}</arg>
<arg>${item}</arg>
<doc>Adds ``values`` to the end of ``list``.</doc>
<status status="PASS" start="2025-12-23T20:20:27.275743" elapsed="0.000571"/>
</kw>
<var name="${item}">Sauce Labs Bike Light</var>
<status status="PASS" start="2025-12-23T20:20:27.275200" elapsed="0.001332"/>
</iter>
<var>${item}</var>
<value>@{product}</value>
<status status="PASS" start="2025-12-23T20:20:27.274315" elapsed="0.002426"/>
</for>
<var name="${price}">9.99</var>
<status status="PASS" start="2025-12-23T20:20:27.270977" elapsed="0.005961"/>
</iter>
<iter>
<kw name="Evaluate" owner="BuiltIn">
<msg time="2025-12-23T20:20:27.280300" level="INFO">${product} = ['Sauce Labs Bolt T-Shirt', 'Test.allTheThings() T-Shirt (Red)']</msg>
<var>${product}</var>
<arg>[value for key, value in &amp;{inventory_prices}.items() if key == ${price}][0]</arg>
<doc>Evaluates the given expression in Python and returns the result.</doc>
<status status="PASS" start="2025-12-23T20:20:27.278286" elapsed="0.002356"/>
</kw>
<for flavor="IN">
<iter>
<kw name="Append To List" owner="Collections">
<arg>${product_names}</arg>
<arg>${item}</arg>
<doc>Adds ``values`` to the end of ``list``.</doc>
<status status="PASS" start="2025-12-23T20:20:27.282340" elapsed="0.000994"/>
</kw>
<var name="${item}">Sauce Labs Bolt T-Shirt</var>
<status status="PASS" start="2025-12-23T20:20:27.281745" elapsed="0.001953"/>
</iter>
<iter>
<kw name="Append To List" owner="Collections">
<arg>${product_names}</arg>
<arg>${item}</arg>
<doc>Adds ``values`` to the end of ``list``.</doc>
<status status="PASS" start="2025-12-23T20:20:27.284871" elapsed="0.000830"/>
</kw>
<var name="${item}">Test.allTheThings() T-Shirt (Red)</var>
<status status="PASS" start="2025-12-23T20:20:27.284244" elapsed="0.001839"/>
</iter>
<var>${item}</var>
<value>@{product}</value>
<status status="PASS" start="2025-12-23T20:20:27.281066" elapsed="0.005334"/>
</for>
<var name="${price}">15.99</var>
<status status="PASS" start="2025-12-23T20:20:27.277324" elapsed="0.009414"/>
</iter>
<iter>
<kw name="Evaluate" owner="BuiltIn">
<msg time="2025-12-23T20:20:27.289491" level="INFO">${product} = ['Sauce Labs Backpack']</msg>
<var>${product}</var>
<arg>[value for key, value in &amp;{inventory_prices}.items() if key == ${price}][0]</arg>
<doc>Evaluates the given expression in Python and returns the result.</doc>
<status status="PASS" start="2025-12-23T20:20:27.288088" elapsed="0.001612"/>
</kw>
<for flavor="IN">
<iter>
<kw name="Append To List" owner="Collections">
<arg>${product_names}</arg>
<arg>${item}</arg>
<doc>Adds ``values`` to the end of ``list``.</doc>
<status status="PASS" start="2025-12-23T20:20:27.290772" elapsed="0.000508"/>
</kw>
<var name="${item}">Sauce Labs Backpack</var>
<status status="PASS" start="2025-12-23T20:20:27.290416" elapsed="0.001068"/>
</iter>
<var>${item}</var>
<value>@{product}</value>
<status status="PASS" start="2025-12-23T20:20:27.289959" elapsed="0.001724"/>
</for>
<var name="${price}">29.99</var>
<status status="PASS" start="2025-12-23T20:20:27.287484" elapsed="0.004410"/>
</iter>
<iter>
<kw name="Evaluate" owner="BuiltIn">
<msg time="2025-12-23T20:20:27.294659" level="INFO">${product} = ['Sauce Labs Fleece Jacket']</msg>
<var>${product}</var>
<arg>[value for key, value in &amp;{inventory_prices}.items() if key == ${price}][0]</arg>
<doc>Evaluates the given expression in Python and returns the result.</doc>
<status status="PASS" start="2025-12-23T20:20:27.292625" elapsed="0.002277"/>
</kw>
<for flavor="IN">
<iter>
<kw name="Append To List" owner="Collections">
<arg>${product_names}</arg>
<arg>${item}</arg>
<doc>Adds ``values`` to the end of ``list``.</doc>
<status status="PASS" start="2025-12-23T20:20:27.296131" elapsed="0.000542"/>
</kw>
<var name="${item}">Sauce Labs Fleece Jacket</var>
<status status="PASS" start="2025-12-23T20:20:27.295733" elapsed="0.001142"/>
</iter>
<var>${item}</var>
<value>@{product}</value>
<status status="PASS" start="2025-12-23T20:20:27.295188" elapsed="0.001870"/>
</for>
<var name="${price}">49.99</var>
<status status="PASS" start="2025-12-23T20:20:27.292258" elapsed="0.004998"/>
</iter>
<var>${price}</var>
<value>@{sorted_list}</value>
<status status="PASS" start="2025-12-23T20:20:27.262153" elapsed="0.035291"/>
</for>
<kw name="Log" owner="BuiltIn">
<msg time="2025-12-23T20:20:27.298256" level="INFO">['Sauce Labs Onesie', 'Sauce Labs Bike Light', 'Sauce Labs Bolt T-Shirt', 'Test.allTheThings() T-Shirt (Red)', 'Sauce Labs Backpack', 'Sauce Labs Fleece Jacket']</msg>
<arg>${product_names}</arg>
<doc>Logs the given message with the given level.</doc>
<status status="PASS" start="2025-12-23T20:20:27.297802" elapsed="0.000703"/>
</kw>
<kw name="Collect List Of Elements" owner="inventorypage">
<kw name="Get WebElements" owner="SeleniumLibrary">
<msg time="2025-12-23T20:20:27.307524" level="INFO">@{elements} = [ &lt;selenium.webdriver.remote.webelement.WebElement (session="cc4c7ab6-198f-4b88-98cf-134a85be8d14", element="91849ee9-74aa-4c86-b0c2-c8547422cb3f")&gt; | &lt;selenium.webdriver.remote.webelement.WebElement ...</msg>
<var>@{elements}</var>
<arg>${itemList_locator}</arg>
<doc>Returns a list of WebElement objects matching the ``locator``.</doc>
<status status="PASS" start="2025-12-23T20:20:27.300158" elapsed="0.007764"/>
</kw>
<kw name="Create List" owner="BuiltIn">
<msg time="2025-12-23T20:20:27.309471" level="INFO">${list} = []</msg>
<var>${list}</var>
<doc>Returns a list containing given items.</doc>
<status status="PASS" start="2025-12-23T20:20:27.308599" elapsed="0.001195"/>
</kw>
<for flavor="IN">
<iter>
<kw name="Get Text" owner="SeleniumLibrary">
<msg time="2025-12-23T20:20:27.336827" level="INFO">${text} = Sauce Labs Onesie</msg>
<var>${text}</var>
<arg>${element}</arg>
<doc>Returns the text value of the element identified by ``locator``.</doc>
<status status="PASS" start="2025-12-23T20:20:27.311821" elapsed="0.025302"/>
</kw>
<kw name="Log" owner="BuiltIn">
<msg time="2025-12-23T20:20:27.338331" level="INFO">Sauce Labs Onesie</msg>
<arg>${text}</arg>
<doc>Logs the given message with the given level.</doc>
<status status="PASS" start="2025-12-23T20:20:27.337575" elapsed="0.001123"/>
</kw>
<kw name="Append To List" owner="Collections">
<arg>${list}</arg>
<arg>${text}</arg>
<doc>Adds ``values`` to the end of ``list``.</doc>
<status status="PASS" start="2025-12-23T20:20:27.339198" elapsed="0.000822"/>
</kw>
<var name="${element}">&lt;selenium.webdriver.remote.webelement.WebElement (session="cc4c7ab6-198f-4b88-98cf-134a85be8d14", element="91849ee9-74aa-4c86-b0c2-c8547422cb3f")&gt;</var>
<status status="PASS" start="2025-12-23T20:20:27.311165" elapsed="0.029195"/>
</iter>
<iter>
<kw name="Get Text" owner="SeleniumLibrary">
<msg time="2025-12-23T20:20:27.356043" level="INFO">${text} = Sauce Labs Bike Light</msg>
<var>${text}</var>
<arg>${element}</arg>
<doc>Returns the text value of the element identified by ``locator``.</doc>
<status status="PASS" start="2025-12-23T20:20:27.341569" elapsed="0.014725"/>
</kw>
<kw name="Log" owner="BuiltIn">
<msg time="2025-12-23T20:20:27.357346" level="INFO">Sauce Labs Bike Light</msg>
<arg>${text}</arg>
<doc>Logs the given message with the given level.</doc>
<status status="PASS" start="2025-12-23T20:20:27.356675" elapsed="0.001020"/>
</kw>
<kw name="Append To List" owner="Collections">
<arg>${list}</arg>
<arg>${text}</arg>
<doc>Adds ``values`` to the end of ``list``.</doc>
<status status="PASS" start="2025-12-23T20:20:27.358194" elapsed="0.000895"/>
</kw>
<var name="${element}">&lt;selenium.webdriver.remote.webelement.WebElement (session="cc4c7ab6-198f-4b88-98cf-134a85be8d14", element="3c0c1a90-47d7-415a-86a3-46295c7a5ea8")&gt;</var>
<status status="PASS" start="2025-12-23T20:20:27.340792" elapsed="0.018638"/>
</iter>
<iter>
<kw name="Get Text" owner="SeleniumLibrary">
<msg time="2025-12-23T20:20:27.374731" level="INFO">${text} = Sauce Labs Bolt T-Shirt</msg>
<var>${text}</var>
<arg>${element}</arg>
<doc>Returns the text value of the element identified by ``locator``.</doc>
<status status="PASS" start="2025-12-23T20:20:27.360674" elapsed="0.014340"/>
</kw>
<kw name="Log" owner="BuiltIn">
<msg time="2025-12-23T20:20:27.375942" level="INFO">Sauce Labs Bolt T-Shirt</msg>
<arg>${text}</arg>
<doc>Logs the given message with the given level.</doc>
<status status="PASS" start="2025-12-23T20:20:27.375426" elapsed="0.000759"/>
</kw>
<kw name="Append To List" owner="Collections">
<arg>${list}</arg>
<arg>${text}</arg>
<doc>Adds ``values`` to the end of ``list``.</doc>
<status status="PASS" start="2025-12-23T20:20:27.376562" elapsed="0.000557"/>
</kw>
<var name="${element}">&lt;selenium.webdriver.remote.webelement.WebElement (session="cc4c7ab6-198f-4b88-98cf-134a85be8d14", element="17c4a7d7-5b73-4de8-93f0-4ba77d00e26d")&gt;</var>
<status status="PASS" start="2025-12-23T20:20:27.360071" elapsed="0.017234"/>
</iter>
<iter>
<kw name="Get Text" owner="SeleniumLibrary">
<msg time="2025-12-23T20:20:27.391569" level="INFO">${text} = Test.allTheThings() T-Shirt (Red)</msg>
<var>${text}</var>
<arg>${element}</arg>
<doc>Returns the text value of the element identified by ``locator``.</doc>
<status status="PASS" start="2025-12-23T20:20:27.378030" elapsed="0.013817"/>
</kw>
<kw name="Log" owner="BuiltIn">
<msg time="2025-12-23T20:20:27.392788" level="INFO">Test.allTheThings() T-Shirt (Red)</msg>
<arg>${text}</arg>
<doc>Logs the given message with the given level.</doc>
<status status="PASS" start="2025-12-23T20:20:27.392259" elapsed="0.000738"/>
</kw>
<kw name="Append To List" owner="Collections">
<arg>${list}</arg>
<arg>${text}</arg>
<doc>Adds ``values`` to the end of ``list``.</doc>
<status status="PASS" start="2025-12-23T20:20:27.393313" elapsed="0.000512"/>
</kw>
<var name="${element}">&lt;selenium.webdriver.remote.webelement.WebElement (session="cc4c7ab6-198f-4b88-98cf-134a85be8d14", element="3475671d-1227-4e9c-834c-b11f64798c6b")&gt;</var>
<status status="PASS" start="2025-12-23T20:20:27.377667" elapsed="0.016363"/>
</iter>
<iter>
<kw name="Get Text" owner="SeleniumLibrary">
<msg time="2025-12-23T20:20:27.409044" level="INFO">${text} = Sauce Labs Backpack</msg>
<var>${text}</var>
<arg>${element}</arg>
<doc>Returns the text value of the element identified by ``locator``.</doc>
<status status="PASS" start="2025-12-23T20:20:27.394766" elapsed="0.014612"/>
</kw>
<kw name="Log" owner="BuiltIn">
<msg time="2025-12-23T20:20:27.410771" level="INFO">Sauce Labs Backpack</msg>
<arg>${text}</arg>
<doc>Logs the given message with the given level.</doc>
<status status="PASS" start="2025-12-23T20:20:27.410033" elapsed="0.001090"/>
</kw>
<kw name="Append To List" owner="Collections">
<arg>${list}</arg>
<arg>${text}</arg>
<doc>Adds ``values`` to the end of ``list``.</doc>
<status status="PASS" start="2025-12-23T20:20:27.411754" elapsed="0.000825"/>
</kw>
<var name="${element}">&lt;selenium.webdriver.remote.webelement.WebElement (session="cc4c7ab6-198f-4b88-98cf-134a85be8d14", element="f7d99b9b-63a6-4473-99cd-429bd4b9b8b9")&gt;</var>
<status status="PASS" start="2025-12-23T20:20:27.394379" elapsed="0.018529"/>
</iter>
<iter>
<kw name="Get Text" owner="SeleniumLibrary">
<msg time="2025-12-23T20:20:27.428210" level="INFO">${text} = Sauce Labs Fleece Jacket</msg>
<var>${text}</var>
<arg>${element}</arg>
<doc>Returns the text value of the element identified by ``locator``.</doc>
<status status="PASS" start="2025-12-23T20:20:27.414091" elapsed="0.014390"/>
</kw>
<kw name="Log" owner="BuiltIn">
<msg time="2025-12-23T20:20:27.429392" level="INFO">Sauce Labs Fleece Jacket</msg>
<arg>${text}</arg>
<doc>Logs the given message with the given level.</doc>
<status status="PASS" start="2025-12-23T20:20:27.428879" elapsed="0.000826"/>
</kw>
<kw name="Append To List" owner="Collections">
<arg>${list}</arg>
<arg>${text}</arg>
<doc>Adds ``values`` to the end of ``list``.</doc>
<status status="PASS" start="2025-12-23T20:20:27.430202" elapsed="0.000744"/>
</kw>
<var name="${element}">&lt;selenium.webdriver.remote.webelement.WebElement (session="cc4c7ab6-198f-4b88-98cf-134a85be8d14", element="43738cde-94f5-4ac4-ad0d-5d05beaffefb")&gt;</var>
<status status="PASS" start="2025-12-23T20:20:27.413505" elapsed="0.017738"/>
</iter>
<var>${element}</var>
<value>@{elements}</value>
<status status="PASS" start="2025-12-23T20:20:27.310215" elapsed="0.121404"/>
</for>
<return>
<value>${list}</value>
<status status="PASS" start="2025-12-23T20:20:27.432020" elapsed="0.000402"/>
</return>
<msg time="2025-12-23T20:20:27.433118" level="INFO">${current_list} = ['Sauce Labs Onesie', 'Sauce Labs Bike Light', 'Sauce Labs Bolt T-Shirt', 'Test.allTheThings() T-Shirt (Red)', 'Sauce Labs Backpack', 'Sauce Labs Fleece Jacket']</msg>
<var>${current_list}</var>
<status status="PASS" start="2025-12-23T20:20:27.299230" elapsed="0.134249"/>
</kw>
<kw name="Lists Should Be Equal" owner="Collections">
<arg>${product_names}</arg>
<arg>${current_list}</arg>
<doc>Fails if given lists are unequal.</doc>
<status status="PASS" start="2025-12-23T20:20:27.434184" elapsed="0.000978"/>
</kw>
<status status="PASS" start="2025-12-23T20:20:27.249190" elapsed="0.186477"/>
</kw>
<kw name="Select Sort Option" owner="inventorypage">
<kw name="Select From List By Index" owner="SeleniumLibrary">
<msg time="2025-12-23T20:20:27.438195" level="INFO">Selecting options from selection list 'css:select.product_sort_container' by index 3.</msg>
<arg>${products_sort_locator}</arg>
<arg>${index}</arg>
<doc>Selects options from selection list ``locator`` by ``indexes``.</doc>
<status status="PASS" start="2025-12-23T20:20:27.437529" elapsed="0.120584"/>
</kw>
<arg>3</arg>
<status status="PASS" start="2025-12-23T20:20:27.436332" elapsed="0.122052"/>
</kw>
<kw name="Check The Products Order High To Low" owner="inventorypage">
<kw name="Create List" owner="BuiltIn">
<msg time="2025-12-23T20:20:27.561434" level="INFO">@{prices} = [ 29.99 | 9.99 | 15.99 | 49.99 | 7.99 ]</msg>
<var>@{prices}</var>
<arg>@{inventory_prices.keys()}</arg>
<doc>Returns a list containing given items.</doc>
<status status="PASS" start="2025-12-23T20:20:27.559286" elapsed="0.002358"/>
</kw>
<kw name="Log" owner="BuiltIn">
<msg time="2025-12-23T20:20:27.562620" level="INFO">[29.99, 9.99, 15.99, 49.99, 7.99]</msg>
<arg>${prices}</arg>
<doc>Logs the given message with the given level.</doc>
<status status="PASS" start="2025-12-23T20:20:27.562038" elapsed="0.000888"/>
</kw>
<kw name="Evaluate" owner="BuiltIn">
<msg time="2025-12-23T20:20:27.564289" level="INFO">${sorted_list} = [49.99, 29.99, 15.99, 9.99, 7.99]</msg>
<var>${sorted_list}</var>
<arg>sorted(${prices}, reverse=True)</arg>
<doc>Evaluates the given expression in Python and returns the result.</doc>
<status status="PASS" start="2025-12-23T20:20:27.563423" elapsed="0.001066"/>
</kw>
<kw name="Log" owner="BuiltIn">
<msg time="2025-12-23T20:20:27.565426" level="INFO">[49.99, 29.99, 15.99, 9.99, 7.99]</msg>
<arg>${sorted_list}</arg>
<doc>Logs the given message with the given level.</doc>
<status status="PASS" start="2025-12-23T20:20:27.564769" elapsed="0.001094"/>
</kw>
<kw name="Create List" owner="BuiltIn">
<msg time="2025-12-23T20:20:27.567138" level="INFO">@{product_names} = [ ]</msg>
<var>@{product_names}</var>
<doc>Returns a list containing given items.</doc>
<status status="PASS" start="2025-12-23T20:20:27.566442" elapsed="0.000887"/>
</kw>
<for flavor="IN">
<iter>
<kw name="Evaluate" owner="BuiltIn">
<msg time="2025-12-23T20:20:27.569886" level="INFO">${product} = ['Sauce Labs Fleece Jacket']</msg>
<var>${product}</var>
<arg>[value for key, value in &amp;{inventory_prices}.items() if key == ${price}][0]</arg>
<doc>Evaluates the given expression in Python and returns the result.</doc>
<status status="PASS" start="2025-12-23T20:20:27.568622" elapsed="0.001466"/>
</kw>
<for flavor="IN">
<iter>
<kw name="Append To List" owner="Collections">
<arg>${product_names}</arg>
<arg>${item}</arg>
<doc>Adds ``values`` to the end of ``list``.</doc>
<status status="PASS" start="2025-12-23T20:20:27.571237" elapsed="0.000681"/>
</kw>
<var name="${item}">Sauce Labs Fleece Jacket</var>
<status status="PASS" start="2025-12-23T20:20:27.570862" elapsed="0.001279"/>
</iter>
<var>${item}</var>
<value>@{product}</value>
<status status="PASS" start="2025-12-23T20:20:27.570369" elapsed="0.001988"/>
</for>
<var name="${price}">49.99</var>
<status status="PASS" start="2025-12-23T20:20:27.568208" elapsed="0.004377"/>
</iter>
<iter>
<kw name="Evaluate" owner="BuiltIn">
<msg time="2025-12-23T20:20:27.574662" level="INFO">${product} = ['Sauce Labs Backpack']</msg>
<var>${product}</var>
<arg>[value for key, value in &amp;{inventory_prices}.items() if key == ${price}][0]</arg>
<doc>Evaluates the given expression in Python and returns the result.</doc>
<status status="PASS" start="2025-12-23T20:20:27.573330" elapsed="0.001525"/>
</kw>
<for flavor="IN">
<iter>
<kw name="Append To List" owner="Collections">
<arg>${product_names}</arg>
<arg>${item}</arg>
<doc>Adds ``values`` to the end of ``list``.</doc>
<status status="PASS" start="2025-12-23T20:20:27.577429" elapsed="0.000852"/>
</kw>
<var name="${item}">Sauce Labs Backpack</var>
<status status="PASS" start="2025-12-23T20:20:27.576780" elapsed="0.001677"/>
</iter>
<var>${item}</var>
<value>@{product}</value>
<status status="PASS" start="2025-12-23T20:20:27.575123" elapsed="0.003468"/>
</for>
<var name="${price}">29.99</var>
<status status="PASS" start="2025-12-23T20:20:27.572966" elapsed="0.005759"/>
</iter>
<iter>
<kw name="Evaluate" owner="BuiltIn">
<msg time="2025-12-23T20:20:27.580954" level="INFO">${product} = ['Sauce Labs Bolt T-Shirt', 'Test.allTheThings() T-Shirt (Red)']</msg>
<var>${product}</var>
<arg>[value for key, value in &amp;{inventory_prices}.items() if key == ${price}][0]</arg>
<doc>Evaluates the given expression in Python and returns the result.</doc>
<status status="PASS" start="2025-12-23T20:20:27.579460" elapsed="0.001660"/>
</kw>
<for flavor="IN">
<iter>
<kw name="Append To List" owner="Collections">
<arg>${product_names}</arg>
<arg>${item}</arg>
<doc>Adds ``values`` to the end of ``list``.</doc>
<status status="PASS" start="2025-12-23T20:20:27.583930" elapsed="0.000529"/>
</kw>
<var name="${item}">Sauce Labs Bolt T-Shirt</var>
<status status="PASS" start="2025-12-23T20:20:27.583275" elapsed="0.001407"/>
</iter>
<iter>
<kw name="Append To List" owner="Collections">
<arg>${product_names}</arg>
<arg>${item}</arg>
<doc>Adds ``values`` to the end of ``list``.</doc>
<status status="PASS" start="2025-12-23T20:20:27.585314" elapsed="0.000363"/>
</kw>
<var name="${item}">Test.allTheThings() T-Shirt (Red)</var>
<status status="PASS" start="2025-12-23T20:20:27.584975" elapsed="0.000910"/>
</iter>
<var>${item}</var>
<value>@{product}</value>
<status status="PASS" start="2025-12-23T20:20:27.581402" elapsed="0.004767"/>
</for>
<var name="${price}">15.99</var>
<status status="PASS" start="2025-12-23T20:20:27.579103" elapsed="0.007265"/>
</iter>
<iter>
<kw name="Evaluate" owner="BuiltIn">
<msg time="2025-12-23T20:20:27.588525" level="INFO">${product} = ['Sauce Labs Bike Light']</msg>
<var>${product}</var>
<arg>[value for key, value in &amp;{inventory_prices}.items() if key == ${price}][0]</arg>
<doc>Evaluates the given expression in Python and returns the result.</doc>
<status status="PASS" start="2025-12-23T20:20:27.587047" elapsed="0.001653"/>
</kw>
<for flavor="IN">
<iter>
<kw name="Append To List" owner="Collections">
<arg>${product_names}</arg>
<arg>${item}</arg>
<doc>Adds ``values`` to the end of ``list``.</doc>
<status status="PASS" start="2025-12-23T20:20:27.590180" elapsed="0.000435"/>
</kw>
<var name="${item}">Sauce Labs Bike Light</var>
<status status="PASS" start="2025-12-23T20:20:27.589880" elapsed="0.000878"/>
</iter>
<var>${item}</var>
<value>@{product}</value>
<status status="PASS" start="2025-12-23T20:20:27.589207" elapsed="0.001675"/>
</for>
<var name="${price}">9.99</var>
<status status="PASS" start="2025-12-23T20:20:27.586630" elapsed="0.004394"/>
</iter>
<iter>
<kw name="Evaluate" owner="BuiltIn">
<msg time="2025-12-23T20:20:27.593213" level="INFO">${product} = ['Sauce Labs Onesie']</msg>
<var>${product}</var>
<arg>[value for key, value in &amp;{inventory_prices}.items() if key == ${price}][0]</arg>
<doc>Evaluates the given expression in Python and returns the result.</doc>
<status status="PASS" start="2025-12-23T20:20:27.591851" elapsed="0.001573"/>
</kw>
<for flavor="IN">
<iter>
<kw name="Append To List" owner="Collections">
<arg>${product_names}</arg>
<arg>${item}</arg>
<doc>Adds ``values`` to the end of ``list``.</doc>
<status status="PASS" start="2025-12-23T20:20:27.594264" elapsed="0.000460"/>
</kw>
<var name="${item}">Sauce Labs Onesie</var>
<status status="PASS" start="2025-12-23T20:20:27.593993" elapsed="0.000894"/>
</iter>
<var>${item}</var>
<value>@{product}</value>
<status status="PASS" start="2025-12-23T20:20:27.593624" elapsed="0.001405"/>
</for>
<var name="${price}">7.99</var>
<status status="PASS" start="2025-12-23T20:20:27.591409" elapsed="0.003745"/>
</iter>
<var>${price}</var>
<value>@{sorted_list}</value>
<status status="PASS" start="2025-12-23T20:20:27.567603" elapsed="0.027654"/>
</for>
<kw name="Log" owner="BuiltIn">
<msg time="2025-12-23T20:20:27.595919" level="INFO">['Sauce Labs Fleece Jacket', 'Sauce Labs Backpack', 'Sauce Labs Bolt T-Shirt', 'Test.allTheThings() T-Shirt (Red)', 'Sauce Labs Bike Light', 'Sauce Labs Onesie']</msg>
<arg>${product_names}</arg>
<doc>Logs the given message with the given level.</doc>
<status status="PASS" start="2025-12-23T20:20:27.595488" elapsed="0.000587"/>
</kw>
<kw name="Collect List Of Elements" owner="inventorypage">
<kw name="Get WebElements" owner="SeleniumLibrary">
<msg time="2025-12-23T20:20:27.602823" level="INFO">@{elements} = [ &lt;selenium.webdriver.remote.webelement.WebElement (session="cc4c7ab6-198f-4b88-98cf-134a85be8d14", element="43738cde-94f5-4ac4-ad0d-5d05beaffefb")&gt; | &lt;selenium.webdriver.remote.webelement.WebElement ...</msg>
<var>@{elements}</var>
<arg>${itemList_locator}</arg>
<doc>Returns a list of WebElement objects matching the ``locator``.</doc>
<status status="PASS" start="2025-12-23T20:20:27.596871" elapsed="0.006304"/>
</kw>
<kw name="Create List" owner="BuiltIn">
<msg time="2025-12-23T20:20:27.604604" level="INFO">${list} = []</msg>
<var>${list}</var>
<doc>Returns a list containing given items.</doc>
<status status="PASS" start="2025-12-23T20:20:27.603812" elapsed="0.001094"/>
</kw>
<for flavor="IN">
<iter>
<kw name="Get Text" owner="SeleniumLibrary">
<msg time="2025-12-23T20:20:27.623009" level="INFO">${text} = Sauce Labs Fleece Jacket</msg>
<var>${text}</var>
<arg>${element}</arg>
<doc>Returns the text value of the element identified by ``locator``.</doc>
<status status="PASS" start="2025-12-23T20:20:27.606530" elapsed="0.016716"/>
</kw>
<kw name="Log" owner="BuiltIn">
<msg time="2025-12-23T20:20:27.624098" level="INFO">Sauce Labs Fleece Jacket</msg>
<arg>${text}</arg>
<doc>Logs the given message with the given level.</doc>
<status status="PASS" start="2025-12-23T20:20:27.623564" elapsed="0.000853"/>
</kw>
<kw name="Append To List" owner="Collections">
<arg>${list}</arg>
<arg>${text}</arg>
<doc>Adds ``values`` to the end of ``list``.</doc>
<status status="PASS" start="2025-12-23T20:20:27.624989" elapsed="0.001187"/>
</kw>
<var name="${element}">&lt;selenium.webdriver.remote.webelement.WebElement (session="cc4c7ab6-198f-4b88-98cf-134a85be8d14", element="43738cde-94f5-4ac4-ad0d-5d05beaffefb")&gt;</var>
<status status="PASS" start="2025-12-23T20:20:27.606053" elapsed="0.020444"/>
</iter>
<iter>
<kw name="Get Text" owner="SeleniumLibrary">
<msg time="2025-12-23T20:20:27.643126" level="INFO">${text} = Sauce Labs Backpack</msg>
<var>${text}</var>
<arg>${element}</arg>
<doc>Returns the text value of the element identified by ``locator``.</doc>
<status status="PASS" start="2025-12-23T20:20:27.627933" elapsed="0.015388"/>
</kw>
<kw name="Log" owner="BuiltIn">
<msg time="2025-12-23T20:20:27.644324" level="INFO">Sauce Labs Backpack</msg>
<arg>${text}</arg>
<doc>Logs the given message with the given level.</doc>
<status status="PASS" start="2025-12-23T20:20:27.643619" elapsed="0.000997"/>
</kw>
<kw name="Append To List" owner="Collections">
<arg>${list}</arg>
<arg>${text}</arg>
<doc>Adds ``values`` to the end of ``list``.</doc>
<status status="PASS" start="2025-12-23T20:20:27.645012" elapsed="0.000724"/>
</kw>
<var name="${element}">&lt;selenium.webdriver.remote.webelement.WebElement (session="cc4c7ab6-198f-4b88-98cf-134a85be8d14", element="f7d99b9b-63a6-4473-99cd-429bd4b9b8b9")&gt;</var>
<status status="PASS" start="2025-12-23T20:20:27.627258" elapsed="0.018702"/>
</iter>
<iter>
<kw name="Get Text" owner="SeleniumLibrary">
<msg time="2025-12-23T20:20:27.662833" level="INFO">${text} = Sauce Labs Bolt T-Shirt</msg>
<var>${text}</var>
<arg>${element}</arg>
<doc>Returns the text value of the element identified by ``locator``.</doc>
<status status="PASS" start="2025-12-23T20:20:27.647014" elapsed="0.016047"/>
</kw>
<kw name="Log" owner="BuiltIn">
<msg time="2025-12-23T20:20:27.664166" level="INFO">Sauce Labs Bolt T-Shirt</msg>
<arg>${text}</arg>
<doc>Logs the given message with the given level.</doc>
<status status="PASS" start="2025-12-23T20:20:27.663517" elapsed="0.000880"/>
</kw>
<kw name="Append To List" owner="Collections">
<arg>${list}</arg>
<arg>${text}</arg>
<doc>Adds ``values`` to the end of ``list``.</doc>
<status status="PASS" start="2025-12-23T20:20:27.664783" elapsed="0.000628"/>
</kw>
<var name="${element}">&lt;selenium.webdriver.remote.webelement.WebElement (session="cc4c7ab6-198f-4b88-98cf-134a85be8d14", element="17c4a7d7-5b73-4de8-93f0-4ba77d00e26d")&gt;</var>
<status status="PASS" start="2025-12-23T20:20:27.646383" elapsed="0.019303"/>
</iter>
<iter>
<kw name="Get Text" owner="SeleniumLibrary">
<msg time="2025-12-23T20:20:27.682024" level="INFO">${text} = Test.allTheThings() T-Shirt (Red)</msg>
<var>${text}</var>
<arg>${element}</arg>
<doc>Returns the text value of the element identified by ``locator``.</doc>
<status status="PASS" start="2025-12-23T20:20:27.666517" elapsed="0.015735"/>
</kw>
<kw name="Log" owner="BuiltIn">
<msg time="2025-12-23T20:20:27.683398" level="INFO">Test.allTheThings() T-Shirt (Red)</msg>
<arg>${text}</arg>
<doc>Logs the given message with the given level.</doc>
<status status="PASS" start="2025-12-23T20:20:27.682674" elapsed="0.001123"/>
</kw>
<kw name="Append To List" owner="Collections">
<arg>${list}</arg>
<arg>${text}</arg>
<doc>Adds ``values`` to the end of ``list``.</doc>
<status status="PASS" start="2025-12-23T20:20:27.684403" elapsed="0.000963"/>
</kw>
<var name="${element}">&lt;selenium.webdriver.remote.webelement.WebElement (session="cc4c7ab6-198f-4b88-98cf-134a85be8d14", element="3475671d-1227-4e9c-834c-b11f64798c6b")&gt;</var>
<status status="PASS" start="2025-12-23T20:20:27.666095" elapsed="0.019588"/>
</iter>
<iter>
<kw name="Get Text" owner="SeleniumLibrary">
<msg time="2025-12-23T20:20:27.703050" level="INFO">${text} = Sauce Labs Bike Light</msg>
<var>${text}</var>
<arg>${element}</arg>
<doc>Returns the text value of the element identified by ``locator``.</doc>
<status status="PASS" start="2025-12-23T20:20:27.686473" elapsed="0.016930"/>
</kw>
<kw name="Log" owner="BuiltIn">
<msg time="2025-12-23T20:20:27.704736" level="INFO">Sauce Labs Bike Light</msg>
<arg>${text}</arg>
<doc>Logs the given message with the given level.</doc>
<status status="PASS" start="2025-12-23T20:20:27.704207" elapsed="0.000901"/>
</kw>
<kw name="Append To List" owner="Collections">
<arg>${list}</arg>
<arg>${text}</arg>
<doc>Adds ``values`` to the end of ``list``.</doc>
<status status="PASS" start="2025-12-23T20:20:27.705668" elapsed="0.000936"/>
</kw>
<var name="${element}">&lt;selenium.webdriver.remote.webelement.WebElement (session="cc4c7ab6-198f-4b88-98cf-134a85be8d14", element="3c0c1a90-47d7-415a-86a3-46295c7a5ea8")&gt;</var>
<status status="PASS" start="2025-12-23T20:20:27.686067" elapsed="0.020866"/>
</iter>
<iter>
<kw name="Get Text" owner="SeleniumLibrary">
<msg time="2025-12-23T20:20:27.723734" level="INFO">${text} = Sauce Labs Onesie</msg>
<var>${text}</var>
<arg>${element}</arg>
<doc>Returns the text value of the element identified by ``locator``.</doc>
<status status="PASS" start="2025-12-23T20:20:27.708083" elapsed="0.015842"/>
</kw>
<kw name="Log" owner="BuiltIn">
<msg time="2025-12-23T20:20:27.724569" level="INFO">Sauce Labs Onesie</msg>
<arg>${text}</arg>
<doc>Logs the given message with the given level.</doc>
<status status="PASS" start="2025-12-23T20:20:27.724214" elapsed="0.000682"/>
</kw>
<kw name="Append To List" owner="Collections">
<arg>${list}</arg>
<arg>${text}</arg>
<doc>Adds ``values`` to the end of ``list``.</doc>
<status status="PASS" start="2025-12-23T20:20:27.725450" elapsed="0.000794"/>
</kw>
<var name="${element}">&lt;selenium.webdriver.remote.webelement.WebElement (session="cc4c7ab6-198f-4b88-98cf-134a85be8d14", element="91849ee9-74aa-4c86-b0c2-c8547422cb3f")&gt;</var>
<status status="PASS" start="2025-12-23T20:20:27.707426" elapsed="0.019150"/>
</iter>
<var>${element}</var>
<value>@{elements}</value>
<status status="PASS" start="2025-12-23T20:20:27.605272" elapsed="0.121619"/>
</for>
<return>
<value>${list}</value>
<status status="PASS" start="2025-12-23T20:20:27.727254" elapsed="0.000330"/>
</return>
<msg time="2025-12-23T20:20:27.728246" level="INFO">${current_list} = ['Sauce Labs Fleece Jacket', 'Sauce Labs Backpack', 'Sauce Labs Bolt T-Shirt', 'Test.allTheThings() T-Shirt (Red)', 'Sauce Labs Bike Light', 'Sauce Labs Onesie']</msg>
<var>${current_list}</var>
<status status="PASS" start="2025-12-23T20:20:27.596402" elapsed="0.132143"/>
</kw>
<kw name="Lists Should Be Equal" owner="Collections">
<arg>${product_names}</arg>
<arg>${current_list}</arg>
<doc>Fails if given lists are unequal.</doc>
<status status="PASS" start="2025-12-23T20:20:27.729105" elapsed="0.000908"/>
</kw>
<status status="PASS" start="2025-12-23T20:20:27.558776" elapsed="0.171628"/>
</kw>
<kw name="Close The Browser" owner="generic" type="TEARDOWN">
<kw name="Close Browser" owner="SeleniumLibrary">
<doc>Closes the current browser.</doc>
<status status="PASS" start="2025-12-23T20:20:27.732486" elapsed="3.465276"/>
</kw>
<status status="PASS" start="2025-12-23T20:20:27.731334" elapsed="3.466852"/>
</kw>
<tag>REGRESSION</tag>
<status status="PASS" start="2025-12-23T20:20:13.363822" elapsed="17.834617"/>
</test>
<doc>Test cases for the inventory page of the SauceDemo website.</doc>
<status status="PASS" start="2025-12-23T20:20:12.968479" elapsed="18.232081"/>
</suite>
<statistics>
<total>
<stat pass="1" fail="0" skip="0">All Tests</stat>
</total>
<tag>
<stat pass="1" fail="0" skip="0">REGRESSION</stat>
</tag>
<suite>
<stat name="Inventorypage Test" id="s1" pass="1" fail="0" skip="0">Inventorypage Test</stat>
</suite>
</statistics>
<errors>
</errors>
</robot>
