<?xml version="1.0" encoding="UTF-8"?>
<robot generator="Robot 7.3.2 (Python 3.13.5 on win32)" generated="2025-12-26T14:27:33.568462" rpa="false" schemaversion="5">
<suite id="s1" name="Cartpage Test" source="C:\Users\HP\Project3_SauceDemo\Tests\cartpage_test.robot">
<test id="s1-t1" name="Validate Add Item Count To Cart" line="53">
<kw name="Open Webpage URL" owner="generic" type="SETUP">
<kw name="Create Webdriver" owner="SeleniumLibrary">
<msg time="2025-12-26T14:27:34.756292" level="INFO">Creating an instance of the Firefox WebDriver.</msg>
<arg>${browser}</arg>
<arg>C:\webdriver_manager</arg>
<doc>Creates an instance of Selenium WebDriver.</doc>
<status status="PASS" start="2025-12-26T14:27:34.753160" elapsed="7.806076"/>
</kw>
<kw name="Maximize Browser Window" owner="SeleniumLibrary">
<doc>Maximizes current browser window.</doc>
<status status="PASS" start="2025-12-26T14:27:42.561607" elapsed="0.327542"/>
</kw>
<kw name="Go To" owner="SeleniumLibrary">
<msg time="2025-12-26T14:27:42.893911" level="INFO">Opening url 'https://www.saucedemo.com/'</msg>
<arg>${url}</arg>
<doc>Navigates the current browser window to the provided ``url``.</doc>
<status status="PASS" start="2025-12-26T14:27:42.891184" elapsed="0.795406"/>
</kw>
<arg>${browser_name}</arg>
<arg>${webpage_url}</arg>
<status status="PASS" start="2025-12-26T14:27:34.746260" elapsed="8.942475"/>
</kw>
<kw name="Login Into The Webpage" owner="loginpage">
<kw name="Enter User Credentials And Login" owner="loginpage">
<kw name="Page Should Contain" owner="SeleniumLibrary">
<msg time="2025-12-26T14:27:43.745394" level="INFO">Current page contains text 'Swag Labs'.</msg>
<arg>${logo_text}</arg>
<doc>Verifies that current page contains ``text``.</doc>
<status status="PASS" start="2025-12-26T14:27:43.703486" elapsed="0.043336"/>
</kw>
<kw name="Input Text" owner="SeleniumLibrary">
<msg time="2025-12-26T14:27:43.750828" level="INFO">Typing text 'standard_user' into text field 'css:#user-name'.</msg>
<arg>${email_input}</arg>
<arg>${username}</arg>
<doc>Types the given ``text`` into the text field identified by ``locator``.</doc>
<status status="PASS" start="2025-12-26T14:27:43.748210" elapsed="0.166375"/>
</kw>
<kw name="Input Password" owner="SeleniumLibrary">
<msg time="2025-12-26T14:27:43.919535" level="INFO">Typing password into text field 'css:#password'.</msg>
<msg time="2025-12-26T14:27:43.943577" level="INFO">Temporally setting log level to: NONE</msg>
<arg>${password_input}</arg>
<arg>${password}</arg>
<doc>Types the given password into the text field identified by ``locator``.</doc>
<status status="PASS" start="2025-12-26T14:27:43.915828" elapsed="0.073159"/>
</kw>
<kw name="Click Button" owner="SeleniumLibrary">
<msg time="2025-12-26T14:27:43.992509" level="INFO">Clicking button 'id:login-button'.</msg>
<arg>${login_button}</arg>
<doc>Clicks the button identified by ``locator``.</doc>
<status status="PASS" start="2025-12-26T14:27:43.990751" elapsed="0.169591"/>
</kw>
<arg>${valid_username}</arg>
<arg>${valid_password}</arg>
<status status="PASS" start="2025-12-26T14:27:43.696959" elapsed="0.465020"/>
</kw>
<kw name="Verify HomePage Login" owner="loginpage">
<kw name="Location Should Be" owner="SeleniumLibrary">
<msg time="2025-12-26T14:27:44.191768" level="INFO">Current location is 'https://www.saucedemo.com/inventory.html'.</msg>
<arg>${inventory_page_url}</arg>
<doc>Verifies that the current URL is exactly ``url``.</doc>
<status status="PASS" start="2025-12-26T14:27:44.170583" elapsed="0.022547"/>
</kw>
<status status="PASS" start="2025-12-26T14:27:44.164412" elapsed="0.029847"/>
</kw>
<status status="PASS" start="2025-12-26T14:27:43.691973" elapsed="0.503320"/>
</kw>
<kw name="Add Random 4 Items To Cart" owner="inventorypage">
<kw name="Get WebElements" owner="SeleniumLibrary">
<msg time="2025-12-26T14:27:44.266847" level="INFO">@{add_buttons} = [ &lt;selenium.webdriver.remote.webelement.WebElement (session="6aac118a-3ba1-463e-9594-7660d9bc7c58", element="1e2ef162-0e3c-44df-99e9-2187e656ee1f")&gt; | &lt;selenium.webdriver.remote.webelement.WebElement ...</msg>
<var>@{add_buttons}</var>
<arg>css:button.btn_inventory</arg>
<doc>Returns a list of WebElement objects matching the ``locator``.</doc>
<status status="PASS" start="2025-12-26T14:27:44.201668" elapsed="0.066292"/>
</kw>
<kw name="Get Length" owner="BuiltIn">
<msg time="2025-12-26T14:27:44.273954" level="INFO">Length is 6.</msg>
<msg time="2025-12-26T14:27:44.276277" level="INFO">${count} = 6</msg>
<var>${count}</var>
<arg>${add_buttons}</arg>
<doc>Returns and logs the length of the given item as an integer.</doc>
<status status="PASS" start="2025-12-26T14:27:44.269981" elapsed="0.007585"/>
</kw>
<kw name="Should Be True" owner="BuiltIn">
<arg>${count} &gt;= 4</arg>
<arg>Not enough items to add</arg>
<doc>Fails if the given condition is not true.</doc>
<status status="PASS" start="2025-12-26T14:27:44.279973" elapsed="0.005629"/>
</kw>
<kw name="Evaluate" owner="BuiltIn">
<msg time="2025-12-26T14:27:44.295606" level="INFO">${indexes} = [3, 2, 4, 1]</msg>
<var>${indexes}</var>
<arg>random.sample(range($count), 4)</arg>
<arg>random</arg>
<doc>Evaluates the given expression in Python and returns the result.</doc>
<status status="PASS" start="2025-12-26T14:27:44.287579" elapsed="0.009251"/>
</kw>
<for flavor="IN">
<iter>
<kw name="Click Element" owner="SeleniumLibrary">
<msg time="2025-12-26T14:27:44.312160" level="INFO">Clicking element '&lt;selenium.webdriver.remote.webelement.WebElement (session="6aac118a-3ba1-463e-9594-7660d9bc7c58", element="2b09dc8a-7caf-4baf-8222-049b453ad0ac")&gt;'.</msg>
<arg>${add_buttons}[${i}]</arg>
<doc>Click the element identified by ``locator``.</doc>
<status status="PASS" start="2025-12-26T14:27:44.306053" elapsed="0.090190"/>
</kw>
<kw name="Log To Console" owner="BuiltIn">
<arg>Added item at index ${i}</arg>
<doc>Logs the given message to the console.</doc>
<status status="PASS" start="2025-12-26T14:27:44.397619" elapsed="0.003002"/>
</kw>
<var name="${i}">3</var>
<status status="PASS" start="2025-12-26T14:27:44.303109" elapsed="0.098331"/>
</iter>
<iter>
<kw name="Click Element" owner="SeleniumLibrary">
<msg time="2025-12-26T14:27:44.407840" level="INFO">Clicking element '&lt;selenium.webdriver.remote.webelement.WebElement (session="6aac118a-3ba1-463e-9594-7660d9bc7c58", element="ce721107-89c5-4f69-b097-773bef422c6e")&gt;'.</msg>
<arg>${add_buttons}[${i}]</arg>
<doc>Click the element identified by ``locator``.</doc>
<status status="PASS" start="2025-12-26T14:27:44.405232" elapsed="0.081518"/>
</kw>
<kw name="Log To Console" owner="BuiltIn">
<arg>Added item at index ${i}</arg>
<doc>Logs the given message to the console.</doc>
<status status="PASS" start="2025-12-26T14:27:44.488518" elapsed="0.003351"/>
</kw>
<var name="${i}">2</var>
<status status="PASS" start="2025-12-26T14:27:44.403266" elapsed="0.089717"/>
</iter>
<iter>
<kw name="Click Element" owner="SeleniumLibrary">
<msg time="2025-12-26T14:27:44.500105" level="INFO">Clicking element '&lt;selenium.webdriver.remote.webelement.WebElement (session="6aac118a-3ba1-463e-9594-7660d9bc7c58", element="57bc4a96-741b-4526-b869-9750b66c4938")&gt;'.</msg>
<arg>${add_buttons}[${i}]</arg>
<doc>Click the element identified by ``locator``.</doc>
<status status="PASS" start="2025-12-26T14:27:44.496868" elapsed="0.080186"/>
</kw>
<kw name="Log To Console" owner="BuiltIn">
<arg>Added item at index ${i}</arg>
<doc>Logs the given message to the console.</doc>
<status status="PASS" start="2025-12-26T14:27:44.579058" elapsed="0.003101"/>
</kw>
<var name="${i}">4</var>
<status status="PASS" start="2025-12-26T14:27:44.494827" elapsed="0.088366"/>
</iter>
<iter>
<kw name="Click Element" owner="SeleniumLibrary">
<msg time="2025-12-26T14:27:44.590704" level="INFO">Clicking element '&lt;selenium.webdriver.remote.webelement.WebElement (session="6aac118a-3ba1-463e-9594-7660d9bc7c58", element="f7494f84-1ff7-442b-803b-3c2b5eb9d109")&gt;'.</msg>
<arg>${add_buttons}[${i}]</arg>
<doc>Click the element identified by ``locator``.</doc>
<status status="PASS" start="2025-12-26T14:27:44.587067" elapsed="0.156987"/>
</kw>
<kw name="Log To Console" owner="BuiltIn">
<arg>Added item at index ${i}</arg>
<doc>Logs the given message to the console.</doc>
<status status="PASS" start="2025-12-26T14:27:44.745522" elapsed="0.001552"/>
</kw>
<var name="${i}">1</var>
<status status="PASS" start="2025-12-26T14:27:44.584875" elapsed="0.162700"/>
</iter>
<var>${i}</var>
<value>@{indexes}</value>
<status status="PASS" start="2025-12-26T14:27:44.298629" elapsed="0.449424"/>
</for>
<msg time="2025-12-26T14:27:44.748951" level="INFO">${expected_items} = None</msg>
<var>${expected_items}</var>
<status status="PASS" start="2025-12-26T14:27:44.197639" elapsed="0.551776"/>
</kw>
<kw name="Element Text Should Be" owner="SeleniumLibrary">
<msg time="2025-12-26T14:27:44.752870" level="INFO">Verifying element 'css:span.shopping_cart_badge' contains exact text '4'.</msg>
<arg>${cart_badge}</arg>
<arg>4</arg>
<doc>Verifies that element ``locator`` contains exact the text ``expected``.</doc>
<status status="PASS" start="2025-12-26T14:27:44.750282" elapsed="0.020415"/>
</kw>
<kw name="Go To Cart" owner="inventorypage">
<kw name="Click Element" owner="SeleniumLibrary">
<msg time="2025-12-26T14:27:44.775134" level="INFO">Clicking element 'css:a.shopping_cart_link'.</msg>
<arg>${cart_button}</arg>
<doc>Click the element identified by ``locator``.</doc>
<status status="PASS" start="2025-12-26T14:27:44.773845" elapsed="0.091677"/>
</kw>
<kw name="Location Should Be" owner="SeleniumLibrary">
<msg time="2025-12-26T14:27:44.873058" level="INFO">Current location is 'https://www.saucedemo.com/cart.html'.</msg>
<arg>${cart_page_url}</arg>
<doc>Verifies that the current URL is exactly ``url``.</doc>
<status status="PASS" start="2025-12-26T14:27:44.867044" elapsed="0.006744"/>
</kw>
<status status="PASS" start="2025-12-26T14:27:44.772129" elapsed="0.102341"/>
</kw>
<kw name="Get Item Names With Prices" owner="cartpage">
<kw name="Get WebElements" owner="SeleniumLibrary">
<msg time="2025-12-26T14:27:44.886482" level="INFO">@{names} = [ &lt;selenium.webdriver.remote.webelement.WebElement (session="6aac118a-3ba1-463e-9594-7660d9bc7c58", element="549d7aa8-48c0-4fca-a064-23b6858a0f4f")&gt; | &lt;selenium.webdriver.remote.webelement.WebElement ...</msg>
<var>@{names}</var>
<arg>${itemList_locator}</arg>
<doc>Returns a list of WebElement objects matching the ``locator``.</doc>
<status status="PASS" start="2025-12-26T14:27:44.878087" elapsed="0.008931"/>
</kw>
<kw name="Get WebElements" owner="SeleniumLibrary">
<msg time="2025-12-26T14:27:44.897015" level="INFO">@{prices} = [ &lt;selenium.webdriver.remote.webelement.WebElement (session="6aac118a-3ba1-463e-9594-7660d9bc7c58", element="97ee196d-f6c1-40df-aa3b-5fd56ff247fd")&gt; | &lt;selenium.webdriver.remote.webelement.WebElement ...</msg>
<var>@{prices}</var>
<arg>${itemPrice_locator}</arg>
<doc>Returns a list of WebElement objects matching the ``locator``.</doc>
<status status="PASS" start="2025-12-26T14:27:44.888088" elapsed="0.009597"/>
</kw>
<kw name="Get Length" owner="BuiltIn">
<msg time="2025-12-26T14:27:44.900461" level="INFO">Length is 4.</msg>
<msg time="2025-12-26T14:27:44.901247" level="INFO">${count} = 4</msg>
<var>${count}</var>
<arg>${names}</arg>
<doc>Returns and logs the length of the given item as an integer.</doc>
<status status="PASS" start="2025-12-26T14:27:44.899192" elapsed="0.002485"/>
</kw>
<kw name="Create List" owner="BuiltIn">
<msg time="2025-12-26T14:27:44.903756" level="INFO">${items} = []</msg>
<var>${items}</var>
<doc>Returns a list containing given items.</doc>
<status status="PASS" start="2025-12-26T14:27:44.902514" elapsed="0.001666"/>
</kw>
<for flavor="IN RANGE">
<iter>
<kw name="Get Text" owner="SeleniumLibrary">
<msg time="2025-12-26T14:27:44.924585" level="INFO">${name} = Sauce Labs Fleece Jacket</msg>
<var>${name}</var>
<arg>${names}[${i}]</arg>
<doc>Returns the text value of the element identified by ``locator``.</doc>
<status status="PASS" start="2025-12-26T14:27:44.907775" elapsed="0.017675"/>
</kw>
<kw name="Get Text" owner="SeleniumLibrary">
<msg time="2025-12-26T14:27:44.943448" level="INFO">${price} = $49.99</msg>
<var>${price}</var>
<arg>${prices}[${i}]</arg>
<doc>Returns the text value of the element identified by ``locator``.</doc>
<status status="PASS" start="2025-12-26T14:27:44.926761" elapsed="0.017276"/>
</kw>
<kw name="Create Dictionary" owner="BuiltIn">
<msg time="2025-12-26T14:27:44.949261" level="INFO">${item} = {'name': 'Sauce Labs Fleece Jacket', 'price': '$49.99'}</msg>
<var>${item}</var>
<arg>name=${name}</arg>
<arg>price=${price}</arg>
<doc>Creates and returns a dictionary based on the given ``items``.</doc>
<status status="PASS" start="2025-12-26T14:27:44.945426" elapsed="0.004529"/>
</kw>
<kw name="Append To List" owner="Collections">
<arg>${items}</arg>
<arg>${item}</arg>
<doc>Adds ``values`` to the end of ``list``.</doc>
<status status="PASS" start="2025-12-26T14:27:44.952022" elapsed="0.003640"/>
</kw>
<kw name="Log To Console" owner="BuiltIn">
<arg>Cart → ${name} | ${price}</arg>
<doc>Logs the given message to the console.</doc>
<status status="PASS" start="2025-12-26T14:27:44.957881" elapsed="0.004422"/>
</kw>
<var name="${i}">0</var>
<status status="PASS" start="2025-12-26T14:27:44.906596" elapsed="0.057268"/>
</iter>
<iter>
<kw name="Get Text" owner="SeleniumLibrary">
<msg time="2025-12-26T14:27:44.991263" level="INFO">${name} = Sauce Labs Bolt T-Shirt</msg>
<var>${name}</var>
<arg>${names}[${i}]</arg>
<doc>Returns the text value of the element identified by ``locator``.</doc>
<status status="PASS" start="2025-12-26T14:27:44.968787" elapsed="0.023708"/>
</kw>
<kw name="Get Text" owner="SeleniumLibrary">
<msg time="2025-12-26T14:27:45.015626" level="INFO">${price} = $15.99</msg>
<var>${price}</var>
<arg>${prices}[${i}]</arg>
<doc>Returns the text value of the element identified by ``locator``.</doc>
<status status="PASS" start="2025-12-26T14:27:44.994693" elapsed="0.021930"/>
</kw>
<kw name="Create Dictionary" owner="BuiltIn">
<msg time="2025-12-26T14:27:45.025033" level="INFO">${item} = {'name': 'Sauce Labs Bolt T-Shirt', 'price': '$15.99'}</msg>
<var>${item}</var>
<arg>name=${name}</arg>
<arg>price=${price}</arg>
<doc>Creates and returns a dictionary based on the given ``items``.</doc>
<status status="PASS" start="2025-12-26T14:27:45.019592" elapsed="0.006401"/>
</kw>
<kw name="Append To List" owner="Collections">
<arg>${items}</arg>
<arg>${item}</arg>
<doc>Adds ``values`` to the end of ``list``.</doc>
<status status="PASS" start="2025-12-26T14:27:45.027411" elapsed="0.002556"/>
</kw>
<kw name="Log To Console" owner="BuiltIn">
<arg>Cart → ${name} | ${price}</arg>
<doc>Logs the given message to the console.</doc>
<status status="PASS" start="2025-12-26T14:27:45.032208" elapsed="0.003789"/>
</kw>
<var name="${i}">1</var>
<status status="PASS" start="2025-12-26T14:27:44.966072" elapsed="0.070952"/>
</iter>
<iter>
<kw name="Get Text" owner="SeleniumLibrary">
<msg time="2025-12-26T14:27:45.063585" level="INFO">${name} = Sauce Labs Onesie</msg>
<var>${name}</var>
<arg>${names}[${i}]</arg>
<doc>Returns the text value of the element identified by ``locator``.</doc>
<status status="PASS" start="2025-12-26T14:27:45.041237" elapsed="0.023355"/>
</kw>
<kw name="Get Text" owner="SeleniumLibrary">
<msg time="2025-12-26T14:27:45.083658" level="INFO">${price} = $7.99</msg>
<var>${price}</var>
<arg>${prices}[${i}]</arg>
<doc>Returns the text value of the element identified by ``locator``.</doc>
<status status="PASS" start="2025-12-26T14:27:45.065996" elapsed="0.018515"/>
</kw>
<kw name="Create Dictionary" owner="BuiltIn">
<msg time="2025-12-26T14:27:45.089328" level="INFO">${item} = {'name': 'Sauce Labs Onesie', 'price': '$7.99'}</msg>
<var>${item}</var>
<arg>name=${name}</arg>
<arg>price=${price}</arg>
<doc>Creates and returns a dictionary based on the given ``items``.</doc>
<status status="PASS" start="2025-12-26T14:27:45.086091" elapsed="0.003942"/>
</kw>
<kw name="Append To List" owner="Collections">
<arg>${items}</arg>
<arg>${item}</arg>
<doc>Adds ``values`` to the end of ``list``.</doc>
<status status="PASS" start="2025-12-26T14:27:45.092345" elapsed="0.002278"/>
</kw>
<kw name="Log To Console" owner="BuiltIn">
<arg>Cart → ${name} | ${price}</arg>
<doc>Logs the given message to the console.</doc>
<status status="PASS" start="2025-12-26T14:27:45.095944" elapsed="0.002601"/>
</kw>
<var name="${i}">2</var>
<status status="PASS" start="2025-12-26T14:27:45.039444" elapsed="0.059983"/>
</iter>
<iter>
<kw name="Get Text" owner="SeleniumLibrary">
<msg time="2025-12-26T14:27:45.122339" level="INFO">${name} = Sauce Labs Bike Light</msg>
<var>${name}</var>
<arg>${names}[${i}]</arg>
<doc>Returns the text value of the element identified by ``locator``.</doc>
<status status="PASS" start="2025-12-26T14:27:45.102300" elapsed="0.021568"/>
</kw>
<kw name="Get Text" owner="SeleniumLibrary">
<msg time="2025-12-26T14:27:45.158628" level="INFO">${price} = $9.99</msg>
<var>${price}</var>
<arg>${prices}[${i}]</arg>
<doc>Returns the text value of the element identified by ``locator``.</doc>
<status status="PASS" start="2025-12-26T14:27:45.126228" elapsed="0.033950"/>
</kw>
<kw name="Create Dictionary" owner="BuiltIn">
<msg time="2025-12-26T14:27:45.174097" level="INFO">${item} = {'name': 'Sauce Labs Bike Light', 'price': '$9.99'}</msg>
<var>${item}</var>
<arg>name=${name}</arg>
<arg>price=${price}</arg>
<doc>Creates and returns a dictionary based on the given ``items``.</doc>
<status status="PASS" start="2025-12-26T14:27:45.162882" elapsed="0.013739"/>
</kw>
<kw name="Append To List" owner="Collections">
<arg>${items}</arg>
<arg>${item}</arg>
<doc>Adds ``values`` to the end of ``list``.</doc>
<status status="PASS" start="2025-12-26T14:27:45.181486" elapsed="0.008159"/>
</kw>
<kw name="Log To Console" owner="BuiltIn">
<arg>Cart → ${name} | ${price}</arg>
<doc>Logs the given message to the console.</doc>
<status status="PASS" start="2025-12-26T14:27:45.194819" elapsed="0.010656"/>
</kw>
<var name="${i}">3</var>
<status status="PASS" start="2025-12-26T14:27:45.100868" elapsed="0.107120"/>
</iter>
<var>${i}</var>
<value>0</value>
<value>${count}</value>
<status status="PASS" start="2025-12-26T14:27:44.904838" elapsed="0.304879"/>
</for>
<return>
<value>${items}</value>
<status status="PASS" start="2025-12-26T14:27:45.211482" elapsed="0.002838"/>
</return>
<kw name="Wait Until Page Contains" owner="SeleniumLibrary">
<arg>@{names}</arg>
<doc>Waits until ``text`` appears on the current page.</doc>
<status status="NOT RUN" start="2025-12-26T14:27:45.217782" elapsed="0.002658"/>
</kw>
<msg time="2025-12-26T14:27:45.223151" level="INFO">${actual_items} = [{'name': 'Sauce Labs Fleece Jacket', 'price': '$49.99'}, {'name': 'Sauce Labs Bolt T-Shirt', 'price': '$15.99'}, {'name': 'Sauce Labs Onesie', 'price': '$7.99'}, {'name': 'Sauce Labs Bike Light', 'pr...</msg>
<var>${actual_items}</var>
<status status="PASS" start="2025-12-26T14:27:44.876131" elapsed="0.347886"/>
</kw>
<kw name="Should Be Equal" owner="BuiltIn">
<msg time="2025-12-26T14:27:45.229175" level="INFO">Argument types are:
&lt;class 'list'&gt;
&lt;class 'NoneType'&gt;</msg>
<msg time="2025-12-26T14:27:45.231060" level="FAIL">[{'name': 'Sauce Labs Fleece Jacket', 'price': '$49.99'}, {'name': 'Sauce Labs Bolt T-Shirt', 'price': '$15.99'}, {'name': 'Sauce Labs Onesie', 'price': '$7.99'}, {'name': 'Sauce Labs Bike Light', 'price': '$9.99'}] != None</msg>
<arg>${actual_items}</arg>
<arg>${expected_items}</arg>
<doc>Fails if the given objects are unequal.</doc>
<status status="FAIL" start="2025-12-26T14:27:45.225510" elapsed="0.010822">[{'name': 'Sauce Labs Fleece Jacket', 'price': '$49.99'}, {'name': 'Sauce Labs Bolt T-Shirt', 'price': '$15.99'}, {'name': 'Sauce Labs Onesie', 'price': '$7.99'}, {'name': 'Sauce Labs Bike Light', 'price': '$9.99'}] != None</status>
</kw>
<kw name="Close The Browser" owner="generic" type="TEARDOWN">
<kw name="Close Browser" owner="SeleniumLibrary">
<doc>Closes the current browser.</doc>
<status status="PASS" start="2025-12-26T14:27:45.245042" elapsed="3.535389"/>
</kw>
<status status="PASS" start="2025-12-26T14:27:45.240605" elapsed="3.542533"/>
</kw>
<tag>REGRESSION</tag>
<tag>SMOKE</tag>
<status status="FAIL" start="2025-12-26T14:27:34.740624" elapsed="14.044055">[{'name': 'Sauce Labs Fleece Jacket', 'price': '$49.99'}, {'name': 'Sauce Labs Bolt T-Shirt', 'price': '$15.99'}, {'name': 'Sauce Labs Onesie', 'price': '$7.99'}, {'name': 'Sauce Labs Bike Light', 'price': '$9.99'}] != None</status>
</test>
<doc>Test cases for the cart page of the SauceDemo website.</doc>
<status status="FAIL" start="2025-12-26T14:27:33.609925" elapsed="15.186421"/>
</suite>
<statistics>
<total>
<stat pass="0" fail="1" skip="0">All Tests</stat>
</total>
<tag>
<stat pass="0" fail="1" skip="0">REGRESSION</stat>
<stat pass="0" fail="1" skip="0">SMOKE</stat>
</tag>
<suite>
<stat name="Cartpage Test" id="s1" pass="0" fail="1" skip="0">Cartpage Test</stat>
</suite>
</statistics>
<errors>
</errors>
</robot>
